Build started 2021-03-09 오후 3:30:56.
     1>Project "D:\바탕화면\sb6code-sample\sb6code-sample\build\vs2013\julia.vcxproj" on node 2 (Build target(s)).
     1>ClCompile:
         C:\Program Files (x86)\Microsoft Visual Studio 12.0\VC\bin\CL.exe /c /ZI /nologo /W3 /WX- /Od /Oy- /D WIN32 /D _DEBUG /D _WINDOWS /D _UNICODE /D UNICODE /Gm /EHsc /RTC1 /MDd /GS /fp:precise /Zc:wchar_t /Zc:forScope /Fo"julia_Debug\\" /Fd"julia_Debug\vc120.pdb" /Gd /TP /analyze- /errorReport:prompt ..\..\src\julia\julia.cpp
         julia.cpp
     1>d:\바탕화면\sb6code-sample\sb6code-sample\include\sb6.h : warning C4819: The file contains a character that cannot be represented in the current code page (949). Save the file in Unicode format to prevent data loss
       Link:
         C:\Program Files (x86)\Microsoft Visual Studio 12.0\VC\bin\link.exe /ERRORREPORT:PROMPT /OUT:"D:\바탕화면\sb6code-sample\sb6code-sample\bin\julia_dbg.exe" /INCREMENTAL /NOLOGO kernel32.lib user32.lib gdi32.lib winspool.lib comdlg32.lib advapi32.lib shell32.lib ole32.lib oleaut32.lib uuid.lib odbc32.lib odbccp32.lib /MANIFEST /MANIFESTUAC:"level='asInvoker' uiAccess='false'" /manifest:embed /DEBUG /PDB:"D:\바탕화면\sb6code-sample\sb6code-sample\bin\julia_dbg.pdb" /SUBSYSTEM:WINDOWS /TLBID:1 /DYNAMICBASE /NXCOMPAT /IMPLIB:"D:\바탕화면\sb6code-sample\sb6code-sample\bin\julia_dbg.lib" /MACHINE:X86 julia_Debug\julia.obj
     1>GLFW_d32.lib(enable.obj) : warning LNK4099: PDB 'vc100.pdb' was not found with 'GLFW_d32.lib(enable.obj)' or at 'D:\바탕화면\sb6code-sample\sb6code-sample\bin\vc100.pdb'; linking object as if no debug info
     1>GLFW_d32.lib(fullscreen.obj) : warning LNK4099: PDB 'vc100.pdb' was not found with 'GLFW_d32.lib(fullscreen.obj)' or at 'D:\바탕화면\sb6code-sample\sb6code-sample\bin\vc100.pdb'; linking object as if no debug info
     1>GLFW_d32.lib(glext.obj) : warning LNK4099: PDB 'vc100.pdb' was not found with 'GLFW_d32.lib(glext.obj)' or at 'D:\바탕화면\sb6code-sample\sb6code-sample\bin\vc100.pdb'; linking object as if no debug info
     1>GLFW_d32.lib(init.obj) : warning LNK4099: PDB 'vc100.pdb' was not found with 'GLFW_d32.lib(init.obj)' or at 'D:\바탕화면\sb6code-sample\sb6code-sample\bin\vc100.pdb'; linking object as if no debug info
     1>GLFW_d32.lib(input.obj) : warning LNK4099: PDB 'vc100.pdb' was not found with 'GLFW_d32.lib(input.obj)' or at 'D:\바탕화면\sb6code-sample\sb6code-sample\bin\vc100.pdb'; linking object as if no debug info
     1>GLFW_d32.lib(time.obj) : warning LNK4099: PDB 'vc100.pdb' was not found with 'GLFW_d32.lib(time.obj)' or at 'D:\바탕화면\sb6code-sample\sb6code-sample\bin\vc100.pdb'; linking object as if no debug info
     1>GLFW_d32.lib(win32_enable.obj) : warning LNK4099: PDB 'vc100.pdb' was not found with 'GLFW_d32.lib(win32_enable.obj)' or at 'D:\바탕화면\sb6code-sample\sb6code-sample\bin\vc100.pdb'; linking object as if no debug info
     1>GLFW_d32.lib(win32_fullscreen.obj) : warning LNK4099: PDB 'vc100.pdb' was not found with 'GLFW_d32.lib(win32_fullscreen.obj)' or at 'D:\바탕화면\sb6code-sample\sb6code-sample\bin\vc100.pdb'; linking object as if no debug info
     1>GLFW_d32.lib(win32_glext.obj) : warning LNK4099: PDB 'vc100.pdb' was not found with 'GLFW_d32.lib(win32_glext.obj)' or at 'D:\바탕화면\sb6code-sample\sb6code-sample\bin\vc100.pdb'; linking object as if no debug info
     1>GLFW_d32.lib(win32_init.obj) : warning LNK4099: PDB 'vc100.pdb' was not found with 'GLFW_d32.lib(win32_init.obj)' or at 'D:\바탕화면\sb6code-sample\sb6code-sample\bin\vc100.pdb'; linking object as if no debug info
     1>GLFW_d32.lib(win32_time.obj) : warning LNK4099: PDB 'vc100.pdb' was not found with 'GLFW_d32.lib(win32_time.obj)' or at 'D:\바탕화면\sb6code-sample\sb6code-sample\bin\vc100.pdb'; linking object as if no debug info
     1>GLFW_d32.lib(win32_window.obj) : warning LNK4099: PDB 'vc100.pdb' was not found with 'GLFW_d32.lib(win32_window.obj)' or at 'D:\바탕화면\sb6code-sample\sb6code-sample\bin\vc100.pdb'; linking object as if no debug info
     1>GLFW_d32.lib(window.obj) : warning LNK4099: PDB 'vc100.pdb' was not found with 'GLFW_d32.lib(window.obj)' or at 'D:\바탕화면\sb6code-sample\sb6code-sample\bin\vc100.pdb'; linking object as if no debug info
         julia.vcxproj -> D:\바탕화면\sb6code-sample\sb6code-sample\bin\julia_dbg.exe
     1>Done Building Project "D:\바탕화면\sb6code-sample\sb6code-sample\build\vs2013\julia.vcxproj" (Build target(s)).

Build succeeded.

Time Elapsed 00:00:02.31
